# JRE version: Java(TM) SE Runtime Environment (8.0_231-b11) (build 1.8.0_231-b11)
# Java VM: Java HotSpot(TM) 64-Bit Server VM (25.231-b11 mixed mode windows-amd64 compressed oops)
Heap:
 PSYoungGen      total 561664K, used 58029K [0x000000076d900000, 0x00000007a0f80000, 0x00000007c0000000)
  eden space 526336K, 6% used [0x000000076d900000,0x000000076f91b7c8,0x000000078db00000)
  from space 35328K, 71% used [0x000000079dd00000,0x000000079f58fd10,0x000000079ff80000)
  to   space 16384K, 0% used [0x000000079ff80000,0x000000079ff80000,0x00000007a0f80000)
 ParOldGen       total 324608K, used 143571K [0x00000006c8a00000, 0x00000006dc700000, 0x000000076d900000)
  object space 324608K, 44% used [0x00000006c8a00000,0x00000006d1634ce0,0x00000006dc700000)
 Metaspace       used 43921K, capacity 45980K, committed 46336K, reserved 1089536K
  class space    used 5204K, capacity 5563K, committed 5632K, reserved 1048576K
GC Heap History (10 events):
Event: 2203.701 GC heap before
{Heap before GC invocations=18 (full 2):
 PSYoungGen      total 628224K, used 627838K [0x000000076d900000, 0x00000007a3600000, 0x00000007c0000000)
  eden space 625664K, 100% used [0x000000076d900000,0x0000000793c00000,0x0000000793c00000)
  from space 2560K, 84% used [0x00000007a0d80000,0x00000007a0f9f910,0x00000007a1000000)
  to   space 20992K, 0% used [0x00000007a2180000,0x00000007a2180000,0x00000007a3600000)
 ParOldGen       total 126976K, used 29787K [0x00000006c8a00000, 0x00000006d0600000, 0x000000076d900000)
  object space 126976K, 23% used [0x00000006c8a00000,0x00000006ca716f18,0x00000006d0600000)
 Metaspace       used 43101K, capacity 45142K, committed 45312K, reserved 1089536K
  class space    used 5197K, capacity 5540K, committed 5632K, reserved 1048576K
Event: 2203.703 GC heap after
Heap after GC invocations=18 (full 2):
 PSYoungGen      total 601088K, used 1736K [0x000000076d900000, 0x00000007a2380000, 0x00000007c0000000)
  eden space 599040K, 0% used [0x000000076d900000,0x000000076d900000,0x0000000792200000)
  from space 2048K, 84% used [0x00000007a2180000,0x00000007a2332060,0x00000007a2380000)
  to   space 19968K, 0% used [0x000000079fc80000,0x000000079fc80000,0x00000007a1000000)
 ParOldGen       total 126976K, used 29787K [0x00000006c8a00000, 0x00000006d0600000, 0x000000076d900000)
  object space 126976K, 23% used [0x00000006c8a00000,0x00000006ca716f18,0x00000006d0600000)
 Metaspace       used 43101K, capacity 45142K, committed 45312K, reserved 1089536K
  class space    used 5197K, capacity 5540K, committed 5632K, reserved 1048576K
}
Event: 2552.298 GC heap before
{Heap before GC invocations=19 (full 2):
 PSYoungGen      total 601088K, used 600776K [0x000000076d900000, 0x00000007a2380000, 0x00000007c0000000)
  eden space 599040K, 100% used [0x000000076d900000,0x0000000792200000,0x0000000792200000)
  from space 2048K, 84% used [0x00000007a2180000,0x00000007a2332060,0x00000007a2380000)
  to   space 19968K, 0% used [0x000000079fc80000,0x000000079fc80000,0x00000007a1000000)
 ParOldGen       total 126976K, used 29787K [0x00000006c8a00000, 0x00000006d0600000, 0x000000076d900000)
  object space 126976K, 23% used [0x00000006c8a00000,0x00000006ca716f18,0x00000006d0600000)
 Metaspace       used 43521K, capacity 45632K, committed 45824K, reserved 1089536K
  class space    used 5219K, capacity 5595K, committed 5632K, reserved 1048576K
Event: 2552.304 GC heap after
Heap after GC invocations=19 (full 2):
 PSYoungGen      total 592384K, used 18725K [0x000000076d900000, 0x00000007a2200000, 0x00000007c0000000)
  eden space 573440K, 0% used [0x000000076d900000,0x000000076d900000,0x0000000790900000)
  from space 18944K, 98% used [0x000000079fc80000,0x00000007a0ec9720,0x00000007a0f00000)
  to   space 19456K, 0% used [0x00000007a0f00000,0x00000007a0f00000,0x00000007a2200000)
 ParOldGen       total 126976K, used 29795K [0x00000006c8a00000, 0x00000006d0600000, 0x000000076d900000)
  object space 126976K, 23% used [0x00000006c8a00000,0x00000006ca718f18,0x00000006d0600000)
 Metaspace       used 43521K, capacity 45632K, committed 45824K, reserved 1089536K
  class space    used 5219K, capacity 5595K, committed 5632K, reserved 1048576K
}
Event: 2935.794 GC heap before
{Heap before GC invocations=20 (full 2):
 PSYoungGen      total 592384K, used 592165K [0x000000076d900000, 0x00000007a2200000, 0x00000007c0000000)
  eden space 573440K, 100% used [0x000000076d900000,0x0000000790900000,0x0000000790900000)
  from space 18944K, 98% used [0x000000079fc80000,0x00000007a0ec9720,0x00000007a0f00000)
  to   space 19456K, 0% used [0x00000007a0f00000,0x00000007a0f00000,0x00000007a2200000)
 ParOldGen       total 126976K, used 29795K [0x00000006c8a00000, 0x00000006d0600000, 0x000000076d900000)
  object space 126976K, 23% used [0x00000006c8a00000,0x00000006ca718f18,0x00000006d0600000)
 Metaspace       used 43728K, capacity 45824K, committed 46080K, reserved 1089536K
  class space    used 5219K, capacity 5595K, committed 5632K, reserved 1048576K
Event: 2935.810 GC heap after
Heap after GC invocations=20 (full 2):
 PSYoungGen      total 568832K, used 19445K [0x000000076d900000, 0x00000007a2200000, 0x00000007c0000000)
  eden space 549376K, 0% used [0x000000076d900000,0x000000076d900000,0x000000078f180000)
  from space 19456K, 99% used [0x00000007a0f00000,0x00000007a21fd780,0x00000007a2200000)
  to   space 35328K, 0% used [0x000000079dd00000,0x000000079dd00000,0x000000079ff80000)
 ParOldGen       total 126976K, used 53488K [0x00000006c8a00000, 0x00000006d0600000, 0x000000076d900000)
  object space 126976K, 42% used [0x00000006c8a00000,0x00000006cbe3c2e8,0x00000006d0600000)
 Metaspace       used 43728K, capacity 45824K, committed 46080K, reserved 1089536K
  class space    used 5219K, capacity 5595K, committed 5632K, reserved 1048576K
}
Event: 4568.598 GC heap before
{Heap before GC invocations=21 (full 2):
 PSYoungGen      total 568832K, used 568821K [0x000000076d900000, 0x00000007a2200000, 0x00000007c0000000)
  eden space 549376K, 100% used [0x000000076d900000,0x000000078f180000,0x000000078f180000)
  from space 19456K, 99% used [0x00000007a0f00000,0x00000007a21fd780,0x00000007a2200000)
  to   space 35328K, 0% used [0x000000079dd00000,0x000000079dd00000,0x000000079ff80000)
 ParOldGen       total 126976K, used 53488K [0x00000006c8a00000, 0x00000006d0600000, 0x000000076d900000)
  object space 126976K, 42% used [0x00000006c8a00000,0x00000006cbe3c2e8,0x00000006d0600000)
 Metaspace       used 44014K, capacity 46144K, committed 46336K, reserved 1089536K
  class space    used 5222K, capacity 5595K, committed 5632K, reserved 1048576K
Event: 4568.646 GC heap after
Heap after GC invocations=21 (full 2):
 PSYoungGen      total 561664K, used 35307K [0x000000076d900000, 0x00000007a0f80000, 0x00000007c0000000)
  eden space 526336K, 0% used [0x000000076d900000,0x000000076d900000,0x000000078db00000)
  from space 35328K, 99% used [0x000000079dd00000,0x000000079ff7ad70,0x000000079ff80000)
  to   space 16384K, 0% used [0x000000079ff80000,0x000000079ff80000,0x00000007a0f80000)
 ParOldGen       total 143872K, used 143119K [0x00000006c8a00000, 0x00000006d1680000, 0x000000076d900000)
  object space 143872K, 99% used [0x00000006c8a00000,0x00000006d15c3ce8,0x00000006d1680000)
 Metaspace       used 44014K, capacity 46144K, committed 46336K, reserved 1089536K
  class space    used 5222K, capacity 5595K, committed 5632K, reserved 1048576K
}
Event: 4568.646 GC heap before
{Heap before GC invocations=22 (full 3):
 PSYoungGen      total 561664K, used 35307K [0x000000076d900000, 0x00000007a0f80000, 0x00000007c0000000)
  eden space 526336K, 0% used [0x000000076d900000,0x000000076d900000,0x000000078db00000)
  from space 35328K, 99% used [0x000000079dd00000,0x000000079ff7ad70,0x000000079ff80000)
  to   space 16384K, 0% used [0x000000079ff80000,0x000000079ff80000,0x00000007a0f80000)
 ParOldGen       total 143872K, used 143119K [0x00000006c8a00000, 0x00000006d1680000, 0x000000076d900000)
  object space 143872K, 99% used [0x00000006c8a00000,0x00000006d15c3ce8,0x00000006d1680000)
 Metaspace       used 44014K, capacity 46144K, committed 46336K, reserved 1089536K
  class space    used 5222K, capacity 5595K, committed 5632K, reserved 1048576K
Event: 4568.824 GC heap after
Heap after GC invocations=22 (full 3):
 PSYoungGen      total 561664K, used 25151K [0x000000076d900000, 0x00000007a0f80000, 0x00000007c0000000)
  eden space 526336K, 0% used [0x000000076d900000,0x000000076d900000,0x000000078db00000)
  from space 35328K, 71% used [0x000000079dd00000,0x000000079f58fd10,0x000000079ff80000)
  to   space 16384K, 0% used [0x000000079ff80000,0x000000079ff80000,0x00000007a0f80000)
 ParOldGen       total 324608K, used 143571K [0x00000006c8a00000, 0x00000006dc700000, 0x000000076d900000)
  object space 324608K, 44% used [0x00000006c8a00000,0x00000006d1634ce0,0x00000006dc700000)
 Metaspace       used 43911K, capacity 45980K, committed 46336K, reserved 1089536K
  class space    used 5204K, capacity 5563K, committed 5632K, reserved 1048576K
}

