# JRE version: Java(TM) SE Runtime Environment (8.0_231-b11) (build 1.8.0_231-b11)
# Java VM: Java HotSpot(TM) 64-Bit Server VM (25.231-b11 mixed mode windows-amd64 compressed oops)
Heap:
 PSYoungGen      total 336896K, used 179109K [0x000000076d900000, 0x000000078ad80000, 0x00000007c0000000)
  eden space 316416K, 54% used [0x000000076d900000,0x00000007781df5e8,0x0000000780e00000)
  from space 20480K, 30% used [0x0000000780e00000,0x0000000781409f20,0x0000000782200000)
  to   space 20480K, 0% used [0x0000000789980000,0x0000000789980000,0x000000078ad80000)
 ParOldGen       total 146432K, used 24627K [0x00000006c8a00000, 0x00000006d1900000, 0x000000076d900000)
  object space 146432K, 16% used [0x00000006c8a00000,0x00000006ca20cdd8,0x00000006d1900000)
 Metaspace       used 43384K, capacity 45440K, committed 45568K, reserved 1089536K
  class space    used 5198K, capacity 5557K, committed 5632K, reserved 1048576K
GC Heap History (10 events):
Event: 6.502 GC heap before
{Heap before GC invocations=7 (full 1):
 PSYoungGen      total 138240K, used 138209K [0x000000076d900000, 0x000000077ae00000, 0x00000007c0000000)
  eden space 128000K, 100% used [0x000000076d900000,0x0000000775600000,0x0000000775600000)
  from space 10240K, 99% used [0x0000000775600000,0x0000000775ff87d8,0x0000000776000000)
  to   space 14336K, 0% used [0x000000077a000000,0x000000077a000000,0x000000077ae00000)
 ParOldGen       total 105984K, used 12698K [0x00000006c8a00000, 0x00000006cf180000, 0x000000076d900000)
  object space 105984K, 11% used [0x00000006c8a00000,0x00000006c9666a48,0x00000006cf180000)
 Metaspace       used 33746K, capacity 35232K, committed 35496K, reserved 1081344K
  class space    used 4036K, capacity 4291K, committed 4352K, reserved 1048576K
Event: 6.536 GC heap after
Heap after GC invocations=7 (full 1):
 PSYoungGen      total 197120K, used 14323K [0x000000076d900000, 0x000000077ba80000, 0x00000007c0000000)
  eden space 182784K, 0% used [0x000000076d900000,0x000000076d900000,0x0000000778b80000)
  from space 14336K, 99% used [0x000000077a000000,0x000000077adfcf90,0x000000077ae00000)
  to   space 20992K, 0% used [0x0000000778b80000,0x0000000778b80000,0x000000077a000000)
 ParOldGen       total 105984K, used 20818K [0x00000006c8a00000, 0x00000006cf180000, 0x000000076d900000)
  object space 105984K, 19% used [0x00000006c8a00000,0x00000006c9e549b8,0x00000006cf180000)
 Metaspace       used 33746K, capacity 35232K, committed 35496K, reserved 1081344K
  class space    used 4036K, capacity 4291K, committed 4352K, reserved 1048576K
}
Event: 6.597 GC heap before
{Heap before GC invocations=8 (full 1):
 PSYoungGen      total 197120K, used 24580K [0x000000076d900000, 0x000000077ba80000, 0x00000007c0000000)
  eden space 182784K, 5% used [0x000000076d900000,0x000000076e3042b8,0x0000000778b80000)
  from space 14336K, 99% used [0x000000077a000000,0x000000077adfcf90,0x000000077ae00000)
  to   space 20992K, 0% used [0x0000000778b80000,0x0000000778b80000,0x000000077a000000)
 ParOldGen       total 105984K, used 20818K [0x00000006c8a00000, 0x00000006cf180000, 0x000000076d900000)
  object space 105984K, 19% used [0x00000006c8a00000,0x00000006c9e549b8,0x00000006cf180000)
 Metaspace       used 33917K, capacity 35408K, committed 35496K, reserved 1081344K
  class space    used 4058K, capacity 4325K, committed 4352K, reserved 1048576K
Event: 6.617 GC heap after
Heap after GC invocations=8 (full 1):
 PSYoungGen      total 203776K, used 14636K [0x000000076d900000, 0x0000000784080000, 0x00000007c0000000)
  eden space 182784K, 0% used [0x000000076d900000,0x000000076d900000,0x0000000778b80000)
  from space 20992K, 69% used [0x0000000778b80000,0x00000007799cb230,0x000000077a000000)
  to   space 21504K, 0% used [0x0000000782b80000,0x0000000782b80000,0x0000000784080000)
 ParOldGen       total 105984K, used 20818K [0x00000006c8a00000, 0x00000006cf180000, 0x000000076d900000)
  object space 105984K, 19% used [0x00000006c8a00000,0x00000006c9e549b8,0x00000006cf180000)
 Metaspace       used 33917K, capacity 35408K, committed 35496K, reserved 1081344K
  class space    used 4058K, capacity 4325K, committed 4352K, reserved 1048576K
}
Event: 6.617 GC heap before
{Heap before GC invocations=9 (full 2):
 PSYoungGen      total 203776K, used 14636K [0x000000076d900000, 0x0000000784080000, 0x00000007c0000000)
  eden space 182784K, 0% used [0x000000076d900000,0x000000076d900000,0x0000000778b80000)
  from space 20992K, 69% used [0x0000000778b80000,0x00000007799cb230,0x000000077a000000)
  to   space 21504K, 0% used [0x0000000782b80000,0x0000000782b80000,0x0000000784080000)
 ParOldGen       total 105984K, used 20818K [0x00000006c8a00000, 0x00000006cf180000, 0x000000076d900000)
  object space 105984K, 19% used [0x00000006c8a00000,0x00000006c9e549b8,0x00000006cf180000)
 Metaspace       used 33917K, capacity 35408K, committed 35496K, reserved 1081344K
  class space    used 4058K, capacity 4325K, committed 4352K, reserved 1048576K
Event: 6.708 GC heap after
Heap after GC invocations=9 (full 2):
 PSYoungGen      total 203776K, used 0K [0x000000076d900000, 0x0000000784080000, 0x00000007c0000000)
  eden space 182784K, 0% used [0x000000076d900000,0x000000076d900000,0x0000000778b80000)
  from space 20992K, 0% used [0x0000000778b80000,0x0000000778b80000,0x000000077a000000)
  to   space 21504K, 0% used [0x0000000782b80000,0x0000000782b80000,0x0000000784080000)
 ParOldGen       total 146432K, used 24611K [0x00000006c8a00000, 0x00000006d1900000, 0x000000076d900000)
  object space 146432K, 16% used [0x00000006c8a00000,0x00000006ca208dd8,0x00000006d1900000)
 Metaspace       used 33917K, capacity 35408K, committed 35496K, reserved 1081344K
  class space    used 4058K, capacity 4325K, committed 4352K, reserved 1048576K
}
Event: 21.469 GC heap before
{Heap before GC invocations=10 (full 2):
 PSYoungGen      total 203776K, used 182784K [0x000000076d900000, 0x0000000784080000, 0x00000007c0000000)
  eden space 182784K, 100% used [0x000000076d900000,0x0000000778b80000,0x0000000778b80000)
  from space 20992K, 0% used [0x0000000778b80000,0x0000000778b80000,0x000000077a000000)
  to   space 21504K, 0% used [0x0000000782b80000,0x0000000782b80000,0x0000000784080000)
 ParOldGen       total 146432K, used 24611K [0x00000006c8a00000, 0x00000006d1900000, 0x000000076d900000)
  object space 146432K, 16% used [0x00000006c8a00000,0x00000006ca208dd8,0x00000006d1900000)
 Metaspace       used 42416K, capacity 44368K, committed 44416K, reserved 1087488K
  class space    used 5139K, capacity 5501K, committed 5504K, reserved 1048576K
Event: 21.480 GC heap after
Heap after GC invocations=10 (full 2):
 PSYoungGen      total 325120K, used 10713K [0x000000076d900000, 0x0000000783600000, 0x00000007c0000000)
  eden space 314368K, 0% used [0x000000076d900000,0x000000076d900000,0x0000000780c00000)
  from space 10752K, 99% used [0x0000000782b80000,0x00000007835f66c0,0x0000000783600000)
  to   space 20480K, 0% used [0x0000000780e00000,0x0000000780e00000,0x0000000782200000)
 ParOldGen       total 146432K, used 24619K [0x00000006c8a00000, 0x00000006d1900000, 0x000000076d900000)
  object space 146432K, 16% used [0x00000006c8a00000,0x00000006ca20add8,0x00000006d1900000)
 Metaspace       used 42416K, capacity 44368K, committed 44416K, reserved 1087488K
  class space    used 5139K, capacity 5501K, committed 5504K, reserved 1048576K
}
Event: 1501.929 GC heap before
{Heap before GC invocations=11 (full 2):
 PSYoungGen      total 325120K, used 325081K [0x000000076d900000, 0x0000000783600000, 0x00000007c0000000)
  eden space 314368K, 100% used [0x000000076d900000,0x0000000780c00000,0x0000000780c00000)
  from space 10752K, 99% used [0x0000000782b80000,0x00000007835f66c0,0x0000000783600000)
  to   space 20480K, 0% used [0x0000000780e00000,0x0000000780e00000,0x0000000782200000)
 ParOldGen       total 146432K, used 24619K [0x00000006c8a00000, 0x00000006d1900000, 0x000000076d900000)
  object space 146432K, 16% used [0x00000006c8a00000,0x00000006ca20add8,0x00000006d1900000)
 Metaspace       used 42735K, capacity 44688K, committed 44928K, reserved 1089536K
  class space    used 5142K, capacity 5501K, committed 5504K, reserved 1048576K
Event: 1501.935 GC heap after
Heap after GC invocations=11 (full 2):
 PSYoungGen      total 336896K, used 6183K [0x000000076d900000, 0x000000078ad80000, 0x00000007c0000000)
  eden space 316416K, 0% used [0x000000076d900000,0x000000076d900000,0x0000000780e00000)
  from space 20480K, 30% used [0x0000000780e00000,0x0000000781409f20,0x0000000782200000)
  to   space 20480K, 0% used [0x0000000789980000,0x0000000789980000,0x000000078ad80000)
 ParOldGen       total 146432K, used 24627K [0x00000006c8a00000, 0x00000006d1900000, 0x000000076d900000)
  object space 146432K, 16% used [0x00000006c8a00000,0x00000006ca20cdd8,0x00000006d1900000)
 Metaspace       used 42735K, capacity 44688K, committed 44928K, reserved 1089536K
  class space    used 5142K, capacity 5501K, committed 5504K, reserved 1048576K
}

